{
    "meta": {
        "version": "5.5",
        "timestamp": "2021-05-20T13:56:05.883946",
        "branch_coverage": true,
        "show_contexts": false
    },
    "files": {
        "stack.py": {
            "executed_lines": [
                3,
                13,
                16,
                31,
                32,
                34,
                36,
                37,
                39,
                40,
                42,
                43,
                45,
                46,
                48,
                49,
                51,
                52,
                54,
                55,
                64,
                66,
                67,
                76,
                78,
                79,
                89,
                90,
                91,
                93,
                108,
                110,
                112
            ],
            "summary": {
                "covered_lines": 32,
                "num_statements": 32,
                "percent_covered": 100.0,
                "missing_lines": 0,
                "excluded_lines": 0,
                "num_branches": 2,
                "num_partial_branches": 0,
                "covered_branches": 2,
                "missing_branches": 0
            },
            "missing_lines": [],
            "excluded_lines": []
        },
        "test_stack.py": {
            "executed_lines": [
                3,
                6,
                9,
                11,
                18,
                19,
                21,
                24,
                26,
                27,
                30,
                32,
                33,
                34,
                35,
                36,
                37,
                40,
                42,
                43,
                44,
                45,
                48,
                50,
                51,
                52,
                53,
                54,
                57,
                59,
                60,
                61,
                62,
                63,
                64,
                67,
                69,
                70,
                71,
                72,
                73,
                74,
                77,
                79,
                80,
                81,
                82,
                83,
                84
            ],
            "summary": {
                "covered_lines": 49,
                "num_statements": 49,
                "percent_covered": 100.0,
                "missing_lines": 0,
                "excluded_lines": 0,
                "num_branches": 2,
                "num_partial_branches": 0,
                "covered_branches": 2,
                "missing_branches": 0
            },
            "missing_lines": [],
            "excluded_lines": []
        }
    },
    "totals": {
        "covered_lines": 81,
        "num_statements": 81,
        "percent_covered": 100.0,
        "missing_lines": 0,
        "excluded_lines": 0,
        "num_branches": 4,
        "num_partial_branches": 0,
        "covered_branches": 4,
        "missing_branches": 0
    }
}