{
    "meta": {
        "version": "5.5",
        "timestamp": "2021-08-09T18:14:33.677849",
        "branch_coverage": true,
        "show_contexts": false
    },
    "files": {
        "stack.py": {
            "executed_lines": [
                3,
                14,
                17,
                18,
                41,
                42,
                43,
                45,
                47,
                48,
                65,
                66,
                67,
                68,
                69,
                71,
                72,
                73,
                75,
                76,
                77,
                78,
                79,
                80,
                81,
                82,
                84,
                93,
                95,
                108,
                110,
                130,
                131,
                132,
                133,
                135,
                144,
                145,
                147,
                156,
                158,
                171,
                173,
                182,
                184,
                193,
                195,
                196,
                205,
                207,
                208,
                217,
                219,
                228,
                230,
                240,
                241,
                242,
                244,
                259,
                260,
                261,
                263,
                277,
                278,
                279,
                282,
                283
            ],
            "summary": {
                "covered_lines": 66,
                "num_statements": 66,
                "percent_covered": 100.0,
                "missing_lines": 0,
                "excluded_lines": 0,
                "num_branches": 24,
                "num_partial_branches": 0,
                "covered_branches": 24,
                "missing_branches": 0
            },
            "missing_lines": [],
            "excluded_lines": []
        },
        "test_stack.py": {
            "executed_lines": [
                3,
                6,
                9,
                11,
                13,
                20,
                21,
                23,
                26,
                33,
                35,
                38,
                45,
                47,
                50,
                52,
                53,
                54,
                58,
                60,
                61,
                62,
                63,
                64,
                65,
                68,
                70,
                71,
                72,
                73,
                74,
                75,
                78,
                80,
                81,
                82,
                83,
                86,
                88,
                89,
                90,
                91,
                94,
                95,
                97,
                100,
                102,
                104,
                105,
                108,
                110,
                111,
                112,
                115,
                117,
                118,
                119,
                120,
                123,
                125,
                126,
                127,
                128,
                129
            ],
            "summary": {
                "covered_lines": 64,
                "num_statements": 64,
                "percent_covered": 100.0,
                "missing_lines": 0,
                "excluded_lines": 0,
                "num_branches": 6,
                "num_partial_branches": 0,
                "covered_branches": 6,
                "missing_branches": 0
            },
            "missing_lines": [],
            "excluded_lines": []
        }
    },
    "totals": {
        "covered_lines": 130,
        "num_statements": 130,
        "percent_covered": 100.0,
        "missing_lines": 0,
        "excluded_lines": 0,
        "num_branches": 30,
        "num_partial_branches": 0,
        "covered_branches": 30,
        "missing_branches": 0
    }
}