{
    "meta": {
        "version": "5.5",
        "timestamp": "2021-08-09T18:12:15.408231",
        "branch_coverage": true,
        "show_contexts": false
    },
    "files": {
        "qqueue.py": {
            "executed_lines": [
                3,
                19,
                22,
                23,
                46,
                47,
                48,
                50,
                52,
                53,
                70,
                71,
                72,
                73,
                74,
                76,
                77,
                78,
                80,
                81,
                82,
                83,
                84,
                85,
                86,
                87,
                89,
                98,
                100,
                113,
                115,
                135,
                136,
                137,
                138,
                140,
                149,
                150,
                152,
                161,
                163,
                176,
                178,
                187,
                189,
                198,
                200,
                201,
                210,
                212,
                213,
                222,
                224,
                239,
                240,
                241,
                242,
                244,
                253,
                255,
                269,
                270,
                271,
                273,
                283,
                286,
                287
            ],
            "summary": {
                "covered_lines": 65,
                "num_statements": 65,
                "percent_covered": 100.0,
                "missing_lines": 0,
                "excluded_lines": 0,
                "num_branches": 20,
                "num_partial_branches": 0,
                "covered_branches": 20,
                "missing_branches": 0
            },
            "missing_lines": [],
            "excluded_lines": []
        },
        "test_queue.py": {
            "executed_lines": [
                3,
                6,
                9,
                11,
                13,
                20,
                21,
                23,
                26,
                33,
                35,
                38,
                45,
                47,
                50,
                52,
                53,
                54,
                58,
                60,
                61,
                62,
                63,
                64,
                65,
                68,
                70,
                71,
                72,
                73,
                74,
                75,
                78,
                80,
                81,
                82,
                83,
                86,
                88,
                89,
                90,
                91,
                94,
                95,
                97,
                100,
                101,
                103,
                104,
                107,
                109,
                110,
                111,
                114,
                116,
                117,
                118,
                119,
                122,
                124,
                125,
                126,
                127,
                128
            ],
            "summary": {
                "covered_lines": 64,
                "num_statements": 64,
                "percent_covered": 100.0,
                "missing_lines": 0,
                "excluded_lines": 0,
                "num_branches": 6,
                "num_partial_branches": 0,
                "covered_branches": 6,
                "missing_branches": 0
            },
            "missing_lines": [],
            "excluded_lines": []
        }
    },
    "totals": {
        "covered_lines": 129,
        "num_statements": 129,
        "percent_covered": 100.0,
        "missing_lines": 0,
        "excluded_lines": 0,
        "num_branches": 26,
        "num_partial_branches": 0,
        "covered_branches": 26,
        "missing_branches": 0
    }
}