{
    "meta": {
        "version": "5.5",
        "timestamp": "2021-05-22T20:37:22.772860",
        "branch_coverage": true,
        "show_contexts": false
    },
    "files": {
        "qqueue.py": {
            "executed_lines": [
                3,
                22,
                25,
                41,
                42,
                44,
                46,
                47,
                48,
                49,
                51,
                52,
                54,
                55,
                57,
                58,
                60,
                61,
                63,
                64,
                66,
                67,
                69,
                70,
                79,
                81,
                82,
                91,
                93,
                94,
                104,
                105,
                106,
                108,
                123,
                125,
                138
            ],
            "summary": {
                "covered_lines": 36,
                "num_statements": 36,
                "percent_covered": 100.0,
                "missing_lines": 0,
                "excluded_lines": 0,
                "num_branches": 4,
                "num_partial_branches": 0,
                "covered_branches": 4,
                "missing_branches": 0
            },
            "missing_lines": [],
            "excluded_lines": []
        },
        "test_queue.py": {
            "executed_lines": [
                3,
                6,
                9,
                11,
                18,
                19,
                21,
                24,
                26,
                27,
                30,
                32,
                33,
                34,
                35,
                36,
                37,
                40,
                42,
                43,
                44,
                45,
                46,
                47,
                50,
                52,
                53,
                54,
                55,
                56,
                59,
                61,
                62,
                63,
                64,
                65,
                66,
                69,
                71,
                72,
                73,
                74,
                75,
                76,
                79,
                81,
                82,
                83,
                84,
                85,
                86,
                89,
                91,
                92
            ],
            "summary": {
                "covered_lines": 54,
                "num_statements": 54,
                "percent_covered": 100.0,
                "missing_lines": 0,
                "excluded_lines": 0,
                "num_branches": 2,
                "num_partial_branches": 0,
                "covered_branches": 2,
                "missing_branches": 0
            },
            "missing_lines": [],
            "excluded_lines": []
        }
    },
    "totals": {
        "covered_lines": 90,
        "num_statements": 90,
        "percent_covered": 100.0,
        "missing_lines": 0,
        "excluded_lines": 0,
        "num_branches": 6,
        "num_partial_branches": 0,
        "covered_branches": 6,
        "missing_branches": 0
    }
}